2014/04/26 14:01:33 [error] [exception.CHttpException.404] exception 'CHttpException' with message '无法解析请求 "style/fontend/img/hdbg.jpg"。' in E:\dev_code\php\malibu\framework\web\CWebApplication.php:286
Stack trace:
#0 E:\dev_code\php\malibu\framework\web\CWebApplication.php(141): CWebApplication->runController('style/fontend/i...')
#1 E:\dev_code\php\malibu\framework\base\CApplication.php(180): CWebApplication->processRequest()
#2 E:\dev_code\php\malibu\index.php(11): CApplication->run()
#3 {main}
REQUEST_URI=/malibu/style/fontend/img/hdbg.jpg
HTTP_REFERER=http://127.0.0.1/malibu/
---
2014/04/26 14:07:46 [error] [exception.CHttpException.404] exception 'CHttpException' with message '无法解析请求 "style/fontend/js/miain.js"。' in E:\dev_code\php\malibu\framework\web\CWebApplication.php:286
Stack trace:
#0 E:\dev_code\php\malibu\framework\web\CWebApplication.php(141): CWebApplication->runController('style/fontend/j...')
#1 E:\dev_code\php\malibu\framework\base\CApplication.php(180): CWebApplication->processRequest()
#2 E:\dev_code\php\malibu\index.php(11): CApplication->run()
#3 {main}
REQUEST_URI=/malibu/style/fontend/js/miain.js
HTTP_REFERER=http://127.0.0.1/malibu/media/index.html?page=3
---
2014/04/26 19:37:57 [error] [exception.CHttpException.404] exception 'CHttpException' with message '无法解析请求 "style/fontend/img/hdbg.jpg"。' in E:\dev_code\php\malibu\framework\web\CWebApplication.php:286
Stack trace:
#0 E:\dev_code\php\malibu\framework\web\CWebApplication.php(141): CWebApplication->runController('style/fontend/i...')
#1 E:\dev_code\php\malibu\framework\base\CApplication.php(180): CWebApplication->processRequest()
#2 E:\dev_code\php\malibu\index.php(11): CApplication->run()
#3 {main}
REQUEST_URI=/malibu/style/fontend/img/hdbg.jpg
HTTP_REFERER=http://127.0.0.1/malibu/media/index.html
---
